<?xml version="1.0" encoding="UTF-8"?>
<testng-results ignored="0" total="1" passed="1" failed="0" skipped="0">
  <reporter-output>
  </reporter-output>
  <suite started-at="2022-10-14T11:41:51 IST" name="Default suite" finished-at="2022-10-14T11:42:11 IST" duration-ms="19765">
    <groups>
    </groups>
    <test started-at="2022-10-14T11:41:51 IST" name="Default test" finished-at="2022-10-14T11:42:11 IST" duration-ms="19765">
      <class name="practice.CreateContact_test">
        <test-method signature="Contact()[pri:0, instance:practice.CreateContact_test@53fdffa1]" started-at="2022-10-14T11:41:52 IST" name="Contact" finished-at="2022-10-14T11:42:11 IST" duration-ms="19658" status="PASS">
          <reporter-output>
          </reporter-output>
        </test-method> <!-- Contact -->
      </class> <!-- practice.CreateContact_test -->
    </test> <!-- Default test -->
  </suite> <!-- Default suite -->
</testng-results>
